<?xml version="1.0" encoding="UTF-8"?>
<!-- Generated by org.testng.reporters.JUnitReportReporter -->
<testsuite hostname="IBM-PF42VYF3" failures="0" tests="6" name="com.ui.test.getDataTest" time="0.014" errors="0" timestamp="2025-07-17T17:57:25 IST" skipped="0">
  <testcase classname="com.ui.test.getDataTest" name="getdatvalue" time="0.001"/>
  <testcase classname="com.ui.test.getDataTest" name="getdatvalue" time="0.008"/>
  <testcase classname="com.ui.test.getDataTest" name="getdatvalue" time="0.001"/>
  <testcase classname="com.ui.test.getDataTest" name="getdatvalue" time="0.001"/>
  <testcase classname="com.ui.test.getDataTest" name="getdatvalue" time="0.002"/>
  <testcase classname="com.ui.test.getDataTest" name="getdatvalue" time="0.001"/>
</testsuite> <!-- com.ui.test.getDataTest -->
